/*C4*/SET SCHEMA PUBLIC
CONNECT USER SA
/*C5*/SET SCHEMA PUBLIC
CONNECT USER SA
SET AUTOCOMMIT FALSE
SET AUTOCOMMIT TRUE
/*C4*/DELETE FROM RECEITAS WHERE COD_RECEITA=0
/*C5*/SET AUTOCOMMIT FALSE
INSERT INTO RECEITAS VALUES(0,'Feijao','Colocar na panela e ligar o fogo','deixar ate ferver bem',NULL)
COMMIT
SET AUTOCOMMIT TRUE
SET AUTOCOMMIT FALSE
SET AUTOCOMMIT TRUE
/*C6*/SET SCHEMA PUBLIC
CONNECT USER SA
DISCONNECT
/*C7*/SET SCHEMA PUBLIC
CONNECT USER SA
SET AUTOCOMMIT FALSE
INSERT INTO RECEITAS VALUES(1,'Arroz','salgar colocar no fogo','aguardar ficar pronto',NULL)
COMMIT
SET AUTOCOMMIT TRUE
SET AUTOCOMMIT FALSE
INSERT INTO RECEITAS VALUES(2,'Macarrao','colocar panela e esperar','tem que ficar molinnho',NULL)
COMMIT
SET AUTOCOMMIT TRUE
SET AUTOCOMMIT FALSE
INSERT INTO RECEITAS VALUES(3,'sdfsd','sdfsd','sdfsdf',NULL)
COMMIT
SET AUTOCOMMIT TRUE
SET AUTOCOMMIT FALSE
INSERT INTO RECEITAS VALUES(4,'asdsad','asdasd','asdasd','salgado')
COMMIT
SET AUTOCOMMIT TRUE
SET AUTOCOMMIT FALSE
INSERT INTO RECEITAS VALUES(5,'sadas','dasd','asdasd','doce')
COMMIT
SET AUTOCOMMIT TRUE
/*C5*/DISCONNECT
/*C7*/DISCONNECT
/*C8*/SET SCHEMA PUBLIC
CONNECT USER SA
DISCONNECT
/*C9*/SET SCHEMA PUBLIC
CONNECT USER SA
SET AUTOCOMMIT FALSE
INSERT INTO RECEITAS VALUES(6,'Mais uma','asda','dasdsa','doce')
COMMIT
SET AUTOCOMMIT TRUE
/*C10*/SET SCHEMA PUBLIC
CONNECT USER SA
DISCONNECT
/*C11*/SET SCHEMA PUBLIC
CONNECT USER SA
SET AUTOCOMMIT FALSE
DELETE FROM RECEITAS WHERE COD_RECEITA=2
COMMIT
SET AUTOCOMMIT TRUE
SET AUTOCOMMIT FALSE
DELETE FROM RECEITAS WHERE COD_RECEITA=6
COMMIT
SET AUTOCOMMIT TRUE
SET AUTOCOMMIT FALSE
DELETE FROM RECEITAS WHERE COD_RECEITA=5
COMMIT
SET AUTOCOMMIT TRUE
SET AUTOCOMMIT FALSE
DELETE FROM RECEITAS WHERE COD_RECEITA=4
COMMIT
SET AUTOCOMMIT TRUE
SET AUTOCOMMIT FALSE
DELETE FROM RECEITAS WHERE COD_RECEITA=3
COMMIT
SET AUTOCOMMIT TRUE
SET AUTOCOMMIT FALSE
DELETE FROM RECEITAS WHERE COD_RECEITA=1
COMMIT
SET AUTOCOMMIT TRUE
SET AUTOCOMMIT FALSE
INSERT INTO RECEITAS VALUES(7,'teste','asda','sdasdsa','doce')
COMMIT
SET AUTOCOMMIT TRUE
/*C12*/SET SCHEMA PUBLIC
CONNECT USER SA
DISCONNECT
/*C13*/SET SCHEMA PUBLIC
CONNECT USER SA
SET AUTOCOMMIT FALSE
INSERT INTO RECEITAS VALUES(8,'dasd','adasd','adas','doce')
COMMIT
SET AUTOCOMMIT TRUE
/*C14*/SET SCHEMA PUBLIC
CONNECT USER SA
DISCONNECT
/*C15*/SET SCHEMA PUBLIC
CONNECT USER SA
SET AUTOCOMMIT FALSE
INSERT INTO RECEITAS VALUES(9,'dasd','adasd','adas','doce')
COMMIT
SET AUTOCOMMIT TRUE
SET AUTOCOMMIT FALSE
INSERT INTO RECEITAS VALUES(10,'dasd','adasd','adasdasd','doce')
COMMIT
SET AUTOCOMMIT TRUE
/*C16*/SET SCHEMA PUBLIC
CONNECT USER SA
DISCONNECT
/*C17*/SET SCHEMA PUBLIC
CONNECT USER SA
/*C13*/DISCONNECT
/*C15*/DISCONNECT
/*C11*/DISCONNECT
/*C9*/DISCONNECT
/*C17*/DISCONNECT
/*C4*/DISCONNECT
